21:00:19.292  INFO  manager.ApplicationManager - All Tests run in Chrome Driver
21:00:20.955  INFO  manager.ApplicationManager - Current Url --> https://ilcarro-1578153671498.web.app/search
21:00:21.032  INFO  tests.TestBase - Start test with name --->searchNextMonth
21:00:21.035  INFO  manager.MyListener - WebDriver start find element -->By.id: dates
21:00:21.213  INFO  manager.MyListener - WebDriver start find element -->By.xpath: //button[@aria-label='Next month']
21:00:21.331  INFO  manager.MyListener - WebDriver start find element -->By.xpath: //div[text()=' 28 ']
21:00:21.456  INFO  manager.MyListener - WebDriver start find element -->By.xpath: //div[text()=' 27 ']
21:00:22.579  INFO  manager.MyListener - WebDriver start find element -->By.cssSelector: button[type='submit']
21:00:35.375  INFO  manager.MyListener - The name of method with error -->isDisplayed
21:00:35.380  INFO  manager.MyListener - We have a problem ---> org.openqa.selenium.WebDriverException: chrome not reachable
  (Session info: chrome=103.0.5060.134)
Build info: version: '4.2.2', revision: '683ccb65d6'
System info: host: 'DESKTOP-K3383S5', ip: '10.100.102.60', os.name: 'Windows 10', os.arch: 'amd64', os.version: '10.0', java.version: '11.0.15.1'
Driver info: org.openqa.selenium.chrome.ChromeDriver
Command: [3cb7d216d607a725a0c980802c0ab613, isElementDisplayed {id=0135046c-2160-4bb6-a3d4-5ccd9141f746}]
Capabilities {acceptInsecureCerts: false, browserName: chrome, browserVersion: 103.0.5060.134, chrome: {chromedriverVersion: 102.0.5005.61 (0e59bcc00cc4..., userDataDir: C:\Users\Admin\AppData\Loca...}, goog:chromeOptions: {debuggerAddress: localhost:63720}, networkConnectionEnabled: false, pageLoadStrategy: normal, platformName: WINDOWS, proxy: Proxy(), se:cdp: ws://localhost:63720/devtoo..., se:cdpVersion: 103.0.5060.134, setWindowRect: true, strictFileInteractability: false, timeouts: {implicit: 0, pageLoad: 300000, script: 30000}, unhandledPromptBehavior: dismiss and notify, webauthn:extension:credBlob: true, webauthn:extension:largeBlob: true, webauthn:virtualAuthenticators: true}
Element: [[ChromeDriver: chrome on WINDOWS (3cb7d216d607a725a0c980802c0ab613)] -> css selector: button[type='submit']]
Session ID: 3cb7d216d607a725a0c980802c0ab613
21:00:35.385  INFO  manager.MyListener - WebDriver start find element -->By.cssSelector: .logo
21:00:47.587  INFO  manager.MyListener - The name of method with error -->findElement
21:00:47.587  INFO  manager.MyListener - We have a problem ---> org.openqa.selenium.WebDriverException: chrome not reachable
  (Session info: chrome=103.0.5060.134)
Build info: version: '4.2.2', revision: '683ccb65d6'
System info: host: 'DESKTOP-K3383S5', ip: '10.100.102.60', os.name: 'Windows 10', os.arch: 'amd64', os.version: '10.0', java.version: '11.0.15.1'
Driver info: org.openqa.selenium.chrome.ChromeDriver
Command: [3cb7d216d607a725a0c980802c0ab613, findElement {using=css selector, value=.logo}]
Capabilities {acceptInsecureCerts: false, browserName: chrome, browserVersion: 103.0.5060.134, chrome: {chromedriverVersion: 102.0.5005.61 (0e59bcc00cc4..., userDataDir: C:\Users\Admin\AppData\Loca...}, goog:chromeOptions: {debuggerAddress: localhost:63720}, networkConnectionEnabled: false, pageLoadStrategy: normal, platformName: WINDOWS, proxy: Proxy(), se:cdp: ws://localhost:63720/devtoo..., se:cdpVersion: 103.0.5060.134, setWindowRect: true, strictFileInteractability: false, timeouts: {implicit: 0, pageLoad: 300000, script: 30000}, unhandledPromptBehavior: dismiss and notify, webauthn:extension:credBlob: true, webauthn:extension:largeBlob: true, webauthn:virtualAuthenticators: true}
Session ID: 3cb7d216d607a725a0c980802c0ab613
