18:37:56.792  INFO  manager.ApplicationManager - All Tests run in Chrome Driver
18:37:58.434  INFO  manager.ApplicationManager - Current Url --> https://ilcarro-1578153671498.web.app/search
18:37:58.515  INFO  tests.TestBase - Start test with name --->searchPeriodPast2
18:37:58.520  INFO  manager.MyListener - WebDriver start find element -->By.id: city
18:37:59.232  INFO  manager.MyListener - WebDriver start find element -->By.cssSelector: .pac-item
18:37:59.327  INFO  manager.MyListener - WebDriver start find element -->By.id: dates
18:37:59.697  INFO  manager.MyListener - WebDriver start find element -->By.id: dates
18:38:00.048  INFO  manager.MyListener - WebDriver start find element -->By.cssSelector: cdk-overlay-container
18:38:05.115  INFO  manager.MyListener - The name of method with error -->findElement
18:38:05.119  INFO  manager.MyListener - We have a problem ---> org.openqa.selenium.NoSuchElementException: no such element: Unable to locate element: {"method":"css selector","selector":"cdk-overlay-container"}
  (Session info: chrome=103.0.5060.134)
For documentation on this error, please visit: https://selenium.dev/exceptions/#no_such_element
Build info: version: '4.2.2', revision: '683ccb65d6'
System info: host: 'DESKTOP-K3383S5', ip: '10.100.102.60', os.name: 'Windows 10', os.arch: 'amd64', os.version: '10.0', java.version: '11.0.15.1'
Driver info: org.openqa.selenium.chrome.ChromeDriver
Command: [644d06e7714802fc05fd5d53e9fda693, findElement {using=css selector, value=cdk-overlay-container}]
Capabilities {acceptInsecureCerts: false, browserName: chrome, browserVersion: 103.0.5060.134, chrome: {chromedriverVersion: 102.0.5005.61 (0e59bcc00cc4..., userDataDir: C:\Users\Admin\AppData\Loca...}, goog:chromeOptions: {debuggerAddress: localhost:49152}, networkConnectionEnabled: false, pageLoadStrategy: normal, platformName: WINDOWS, proxy: Proxy(), se:cdp: ws://localhost:49152/devtoo..., se:cdpVersion: 103.0.5060.134, setWindowRect: true, strictFileInteractability: false, timeouts: {implicit: 0, pageLoad: 300000, script: 30000}, unhandledPromptBehavior: dismiss and notify, webauthn:extension:credBlob: true, webauthn:extension:largeBlob: true, webauthn:virtualAuthenticators: true}
Session ID: 644d06e7714802fc05fd5d53e9fda693
18:38:05.127  INFO  manager.MyListener - WebDriver start find element -->By.cssSelector: .logo
18:38:06.265  INFO  manager.MyListener - The name of method with error -->click
18:38:06.266  INFO  manager.MyListener - We have a problem ---> org.openqa.selenium.ElementClickInterceptedException: element click intercepted: Element <a _ngcontent-pqj-c25="" href="/" class="logo">...</a> is not clickable at point (245, 34). Other element would receive the click: <div class="cdk-overlay-backdrop mat-overlay-transparent-backdrop cdk-overlay-backdrop-showing"></div>
  (Session info: chrome=103.0.5060.134)
Build info: version: '4.2.2', revision: '683ccb65d6'
System info: host: 'DESKTOP-K3383S5', ip: '10.100.102.60', os.name: 'Windows 10', os.arch: 'amd64', os.version: '10.0', java.version: '11.0.15.1'
Driver info: org.openqa.selenium.chrome.ChromeDriver
Command: [644d06e7714802fc05fd5d53e9fda693, clickElement {id=e05ce2f9-0f43-4e17-9c42-567e6d3c6bad}]
Capabilities {acceptInsecureCerts: false, browserName: chrome, browserVersion: 103.0.5060.134, chrome: {chromedriverVersion: 102.0.5005.61 (0e59bcc00cc4..., userDataDir: C:\Users\Admin\AppData\Loca...}, goog:chromeOptions: {debuggerAddress: localhost:49152}, networkConnectionEnabled: false, pageLoadStrategy: normal, platformName: WINDOWS, proxy: Proxy(), se:cdp: ws://localhost:49152/devtoo..., se:cdpVersion: 103.0.5060.134, setWindowRect: true, strictFileInteractability: false, timeouts: {implicit: 0, pageLoad: 300000, script: 30000}, unhandledPromptBehavior: dismiss and notify, webauthn:extension:credBlob: true, webauthn:extension:largeBlob: true, webauthn:virtualAuthenticators: true}
Element: [[ChromeDriver: chrome on WINDOWS (644d06e7714802fc05fd5d53e9fda693)] -> css selector: .logo]
Session ID: 644d06e7714802fc05fd5d53e9fda693
