20:58:21.932  INFO  manager.ApplicationManager - All Tests run in Chrome Driver
20:58:25.881  INFO  manager.ApplicationManager - Current Url --> https://ilcarro-1578153671498.web.app/search
20:58:25.957  INFO  tests.TestBase - Start test with name --->searchNextMonth
20:58:25.961  INFO  manager.MyListener - WebDriver start find element -->By.id: dates
20:58:26.126  INFO  manager.MyListener - WebDriver start find element -->By.xpath: //button[@aria-label='Next month']
20:58:26.241  INFO  manager.MyListener - WebDriver start find element -->By.xpath: //div[text()=' 28 ']
20:58:26.358  INFO  manager.MyListener - WebDriver start find element -->By.xpath: //div[text()=' 27 ']
20:58:27.486  INFO  manager.MyListener - WebDriver start find element -->By.cssSelector: button[type='submit']
20:58:40.776  INFO  manager.MyListener - The name of method with error -->isDisplayed
20:58:40.780  INFO  manager.MyListener - We have a problem ---> org.openqa.selenium.WebDriverException: chrome not reachable
  (Session info: chrome=103.0.5060.134)
Build info: version: '4.2.2', revision: '683ccb65d6'
System info: host: 'DESKTOP-K3383S5', ip: '10.100.102.60', os.name: 'Windows 10', os.arch: 'amd64', os.version: '10.0', java.version: '11.0.15.1'
Driver info: org.openqa.selenium.chrome.ChromeDriver
Command: [9327596a59af3c88d2c4b5bf8bb9fccf, isElementDisplayed {id=32d38bea-fcad-4e60-a9ee-6cf7cb89cad8}]
Capabilities {acceptInsecureCerts: false, browserName: chrome, browserVersion: 103.0.5060.134, chrome: {chromedriverVersion: 102.0.5005.61 (0e59bcc00cc4..., userDataDir: C:\Users\Admin\AppData\Loca...}, goog:chromeOptions: {debuggerAddress: localhost:62829}, networkConnectionEnabled: false, pageLoadStrategy: normal, platformName: WINDOWS, proxy: Proxy(), se:cdp: ws://localhost:62829/devtoo..., se:cdpVersion: 103.0.5060.134, setWindowRect: true, strictFileInteractability: false, timeouts: {implicit: 0, pageLoad: 300000, script: 30000}, unhandledPromptBehavior: dismiss and notify, webauthn:extension:credBlob: true, webauthn:extension:largeBlob: true, webauthn:virtualAuthenticators: true}
Element: [[ChromeDriver: chrome on WINDOWS (9327596a59af3c88d2c4b5bf8bb9fccf)] -> css selector: button[type='submit']]
Session ID: 9327596a59af3c88d2c4b5bf8bb9fccf
20:58:40.786  INFO  manager.MyListener - WebDriver start find element -->By.cssSelector: .logo
20:58:52.956  INFO  manager.MyListener - The name of method with error -->findElement
20:58:52.956  INFO  manager.MyListener - We have a problem ---> org.openqa.selenium.WebDriverException: chrome not reachable
  (Session info: chrome=103.0.5060.134)
Build info: version: '4.2.2', revision: '683ccb65d6'
System info: host: 'DESKTOP-K3383S5', ip: '10.100.102.60', os.name: 'Windows 10', os.arch: 'amd64', os.version: '10.0', java.version: '11.0.15.1'
Driver info: org.openqa.selenium.chrome.ChromeDriver
Command: [9327596a59af3c88d2c4b5bf8bb9fccf, findElement {using=css selector, value=.logo}]
Capabilities {acceptInsecureCerts: false, browserName: chrome, browserVersion: 103.0.5060.134, chrome: {chromedriverVersion: 102.0.5005.61 (0e59bcc00cc4..., userDataDir: C:\Users\Admin\AppData\Loca...}, goog:chromeOptions: {debuggerAddress: localhost:62829}, networkConnectionEnabled: false, pageLoadStrategy: normal, platformName: WINDOWS, proxy: Proxy(), se:cdp: ws://localhost:62829/devtoo..., se:cdpVersion: 103.0.5060.134, setWindowRect: true, strictFileInteractability: false, timeouts: {implicit: 0, pageLoad: 300000, script: 30000}, unhandledPromptBehavior: dismiss and notify, webauthn:extension:credBlob: true, webauthn:extension:largeBlob: true, webauthn:virtualAuthenticators: true}
Session ID: 9327596a59af3c88d2c4b5bf8bb9fccf
